<?xml version="1.0" encoding="utf-8"?>
<CoverageSession xmlns:xsd="http://www.w3.org/2001/XMLSchema" xmlns:xsi="http://www.w3.org/2001/XMLSchema-instance" Version="4.7.922.0">
  <Summary numSequencePoints="163" visitedSequencePoints="157" numBranchPoints="44" visitedBranchPoints="44" sequenceCoverage="96.32" branchCoverage="100" maxCyclomaticComplexity="3" minCyclomaticComplexity="1" maxCrapScore="3" minCrapScore="1" visitedClasses="3" numClasses="3" visitedMethods="30" numMethods="30" />
  <Modules>
    <Module hash="DB-51-EE-3F-32-6F-08-91-E5-7B-70-35-8A-60-67-BC-9C-82-3B-BA">
      <Summary numSequencePoints="120" visitedSequencePoints="114" numBranchPoints="23" visitedBranchPoints="23" sequenceCoverage="95" branchCoverage="100" maxCyclomaticComplexity="1" minCyclomaticComplexity="0" maxCrapScore="2" minCrapScore="0" visitedClasses="2" numClasses="2" visitedMethods="23" numMethods="23" />
      <ModulePath>C:\Users\Admin Stagiaire\Desktop\TestUnitaires\Calculateurs.Tests\bin\Debug\fine-code-coverage\build-output\Calculateurs.Tests.dll</ModulePath>
      <ModuleTime>2022-12-08T13:26:49.8588806Z</ModuleTime>
      <ModuleName>Calculateurs.Tests</ModuleName>
      <Files>
        <File uid="1" fullPath="C:\Users\Admin Stagiaire\Desktop\TestUnitaires\Calculateurs.Tests\CalculatorTests.cs" />
        <File uid="2" fullPath="C:\Users\Admin Stagiaire\Desktop\TestUnitaires\Calculateurs.Tests\Demo.cs" />
      </Files>
      <Classes>
        <Class>
          <Summary numSequencePoints="106" visitedSequencePoints="100" numBranchPoints="18" visitedBranchPoints="18" sequenceCoverage="94.34" branchCoverage="100" maxCyclomaticComplexity="1" minCyclomaticComplexity="1" maxCrapScore="2" minCrapScore="1" visitedClasses="1" numClasses="1" visitedMethods="18" numMethods="18" />
          <FullName>Calculateurs.Tests.CalculatorTests</FullName>
          <Methods>
            <Method visited="true" cyclomaticComplexity="1" nPathComplexity="0" sequenceCoverage="100" branchCoverage="100" crapScore="1" isConstructor="false" isStatic="false" isGetter="false" isSetter="false">
              <Summary numSequencePoints="7" visitedSequencePoints="7" numBranchPoints="1" visitedBranchPoints="1" sequenceCoverage="100" branchCoverage="100" maxCyclomaticComplexity="1" minCyclomaticComplexity="1" maxCrapScore="1" minCrapScore="1" visitedClasses="0" numClasses="0" visitedMethods="1" numMethods="1" />
              <MetadataToken>100663297</MetadataToken>
              <Name>System.Void Calculateurs.Tests.CalculatorTests::Division_NumerateurPositif_DenominateurPositif_ReturnResultatPositif()</Name>
              <FileRef uid="1" />
              <SequencePoints>
                <SequencePoint vc="1" uspid="1" ordinal="0" offset="0" sl="24" sc="9" el="24" ec="10" bec="0" bev="0" fileid="1" />
                <SequencePoint vc="1" uspid="2" ordinal="1" offset="1" sl="27" sc="13" el="27" ec="33" bec="0" bev="0" fileid="1" />
                <SequencePoint vc="1" uspid="3" ordinal="2" offset="4" sl="28" sc="13" el="28" ec="34" bec="0" bev="0" fileid="1" />
                <SequencePoint vc="1" uspid="4" ordinal="3" offset="6" sl="29" sc="13" el="29" ec="37" bec="0" bev="0" fileid="1" />
                <SequencePoint vc="1" uspid="5" ordinal="4" offset="8" sl="32" sc="13" el="32" ec="80" bec="0" bev="0" fileid="1" />
                <SequencePoint vc="1" uspid="6" ordinal="5" offset="16" sl="35" sc="13" el="35" ec="62" bec="0" bev="0" fileid="1" />
                <SequencePoint vc="1" uspid="7" ordinal="6" offset="24" sl="36" sc="9" el="36" ec="10" bec="0" bev="0" fileid="1" />
              </SequencePoints>
              <BranchPoints />
              <MethodPoint xsi:type="SequencePoint" vc="1" uspid="1" ordinal="0" offset="0" sl="24" sc="9" el="24" ec="10" bec="0" bev="0" fileid="1" />
            </Method>
            <Method visited="true" cyclomaticComplexity="1" nPathComplexity="0" sequenceCoverage="100" branchCoverage="100" crapScore="1" isConstructor="false" isStatic="false" isGetter="false" isSetter="false">
              <Summary numSequencePoints="7" visitedSequencePoints="7" numBranchPoints="1" visitedBranchPoints="1" sequenceCoverage="100" branchCoverage="100" maxCyclomaticComplexity="1" minCyclomaticComplexity="1" maxCrapScore="1" minCrapScore="1" visitedClasses="0" numClasses="0" visitedMethods="1" numMethods="1" />
              <MetadataToken>100663298</MetadataToken>
              <Name>System.Void Calculateurs.Tests.CalculatorTests::Division_NumerateurPositif_DenominateurNegatif_ReturnResultatNegatif()</Name>
              <FileRef uid="1" />
              <SequencePoints>
                <SequencePoint vc="1" uspid="8" ordinal="0" offset="0" sl="44" sc="9" el="44" ec="10" bec="0" bev="0" fileid="1" />
                <SequencePoint vc="1" uspid="9" ordinal="1" offset="1" sl="46" sc="13" el="46" ec="33" bec="0" bev="0" fileid="1" />
                <SequencePoint vc="1" uspid="10" ordinal="2" offset="4" sl="47" sc="13" el="47" ec="35" bec="0" bev="0" fileid="1" />
                <SequencePoint vc="1" uspid="11" ordinal="3" offset="7" sl="48" sc="13" el="48" ec="38" bec="0" bev="0" fileid="1" />
                <SequencePoint vc="1" uspid="12" ordinal="4" offset="10" sl="51" sc="13" el="51" ec="80" bec="0" bev="0" fileid="1" />
                <SequencePoint vc="1" uspid="13" ordinal="5" offset="18" sl="54" sc="13" el="54" ec="62" bec="0" bev="0" fileid="1" />
                <SequencePoint vc="1" uspid="14" ordinal="6" offset="26" sl="56" sc="9" el="56" ec="10" bec="0" bev="0" fileid="1" />
              </SequencePoints>
              <BranchPoints />
              <MethodPoint xsi:type="SequencePoint" vc="1" uspid="8" ordinal="0" offset="0" sl="44" sc="9" el="44" ec="10" bec="0" bev="0" fileid="1" />
            </Method>
            <Method visited="true" cyclomaticComplexity="1" nPathComplexity="0" sequenceCoverage="100" branchCoverage="100" crapScore="1" isConstructor="false" isStatic="false" isGetter="false" isSetter="false">
              <Summary numSequencePoints="7" visitedSequencePoints="7" numBranchPoints="1" visitedBranchPoints="1" sequenceCoverage="100" branchCoverage="100" maxCyclomaticComplexity="1" minCyclomaticComplexity="1" maxCrapScore="1" minCrapScore="1" visitedClasses="0" numClasses="0" visitedMethods="1" numMethods="1" />
              <MetadataToken>100663299</MetadataToken>
              <Name>System.Void Calculateurs.Tests.CalculatorTests::Division_NumerateurNegatif_DenominateurNegatif_ReturnResultatPositif()</Name>
              <FileRef uid="1" />
              <SequencePoints>
                <SequencePoint vc="1" uspid="15" ordinal="0" offset="0" sl="67" sc="9" el="67" ec="10" bec="0" bev="0" fileid="1" />
                <SequencePoint vc="1" uspid="16" ordinal="1" offset="1" sl="69" sc="13" el="69" ec="34" bec="0" bev="0" fileid="1" />
                <SequencePoint vc="1" uspid="17" ordinal="2" offset="4" sl="70" sc="13" el="70" ec="35" bec="0" bev="0" fileid="1" />
                <SequencePoint vc="1" uspid="18" ordinal="3" offset="7" sl="71" sc="13" el="71" ec="37" bec="0" bev="0" fileid="1" />
                <SequencePoint vc="1" uspid="19" ordinal="4" offset="9" sl="74" sc="13" el="74" ec="80" bec="0" bev="0" fileid="1" />
                <SequencePoint vc="1" uspid="20" ordinal="5" offset="17" sl="77" sc="13" el="77" ec="62" bec="0" bev="0" fileid="1" />
                <SequencePoint vc="1" uspid="21" ordinal="6" offset="25" sl="79" sc="9" el="79" ec="10" bec="0" bev="0" fileid="1" />
              </SequencePoints>
              <BranchPoints />
              <MethodPoint xsi:type="SequencePoint" vc="1" uspid="15" ordinal="0" offset="0" sl="67" sc="9" el="67" ec="10" bec="0" bev="0" fileid="1" />
            </Method>
            <Method visited="true" cyclomaticComplexity="1" nPathComplexity="0" sequenceCoverage="100" branchCoverage="100" crapScore="1" isConstructor="false" isStatic="false" isGetter="false" isSetter="false">
              <Summary numSequencePoints="7" visitedSequencePoints="7" numBranchPoints="1" visitedBranchPoints="1" sequenceCoverage="100" branchCoverage="100" maxCyclomaticComplexity="1" minCyclomaticComplexity="1" maxCrapScore="1" minCrapScore="1" visitedClasses="0" numClasses="0" visitedMethods="1" numMethods="1" />
              <MetadataToken>100663300</MetadataToken>
              <Name>System.Void Calculateurs.Tests.CalculatorTests::Division_NumerateurNegatif_DenominateurPositif_ReturnResultatNegatif()</Name>
              <FileRef uid="1" />
              <SequencePoints>
                <SequencePoint vc="1" uspid="22" ordinal="0" offset="0" sl="87" sc="9" el="87" ec="10" bec="0" bev="0" fileid="1" />
                <SequencePoint vc="1" uspid="23" ordinal="1" offset="1" sl="89" sc="13" el="89" ec="34" bec="0" bev="0" fileid="1" />
                <SequencePoint vc="1" uspid="24" ordinal="2" offset="4" sl="90" sc="13" el="90" ec="34" bec="0" bev="0" fileid="1" />
                <SequencePoint vc="1" uspid="25" ordinal="3" offset="6" sl="91" sc="13" el="91" ec="38" bec="0" bev="0" fileid="1" />
                <SequencePoint vc="1" uspid="26" ordinal="4" offset="9" sl="94" sc="13" el="94" ec="80" bec="0" bev="0" fileid="1" />
                <SequencePoint vc="1" uspid="27" ordinal="5" offset="17" sl="97" sc="13" el="97" ec="62" bec="0" bev="0" fileid="1" />
                <SequencePoint vc="1" uspid="28" ordinal="6" offset="25" sl="99" sc="9" el="99" ec="10" bec="0" bev="0" fileid="1" />
              </SequencePoints>
              <BranchPoints />
              <MethodPoint xsi:type="SequencePoint" vc="1" uspid="22" ordinal="0" offset="0" sl="87" sc="9" el="87" ec="10" bec="0" bev="0" fileid="1" />
            </Method>
            <Method visited="true" cyclomaticComplexity="1" nPathComplexity="0" sequenceCoverage="80" branchCoverage="100" crapScore="1.01" isConstructor="false" isStatic="false" isGetter="false" isSetter="false">
              <Summary numSequencePoints="5" visitedSequencePoints="4" numBranchPoints="1" visitedBranchPoints="1" sequenceCoverage="80" branchCoverage="100" maxCyclomaticComplexity="1" minCyclomaticComplexity="1" maxCrapScore="1.01" minCrapScore="1.01" visitedClasses="0" numClasses="0" visitedMethods="1" numMethods="1" />
              <MetadataToken>100663301</MetadataToken>
              <Name>System.Void Calculateurs.Tests.CalculatorTests::Division_NumerateurEgalZero_ReturnException()</Name>
              <FileRef uid="1" />
              <SequencePoints>
                <SequencePoint vc="1" uspid="29" ordinal="0" offset="0" sl="108" sc="9" el="108" ec="10" bec="0" bev="0" fileid="1" />
                <SequencePoint vc="1" uspid="30" ordinal="1" offset="1" sl="110" sc="13" el="110" ec="33" bec="0" bev="0" fileid="1" />
                <SequencePoint vc="1" uspid="31" ordinal="2" offset="4" sl="111" sc="13" el="111" ec="34" bec="0" bev="0" fileid="1" />
                <SequencePoint vc="1" uspid="32" ordinal="3" offset="6" sl="115" sc="13" el="115" ec="59" bec="0" bev="0" fileid="1" />
                <SequencePoint vc="0" uspid="33" ordinal="4" offset="14" sl="118" sc="9" el="118" ec="10" bec="0" bev="0" fileid="1" />
              </SequencePoints>
              <BranchPoints />
              <MethodPoint xsi:type="SequencePoint" vc="1" uspid="29" ordinal="0" offset="0" sl="108" sc="9" el="108" ec="10" bec="0" bev="0" fileid="1" />
            </Method>
            <Method visited="true" cyclomaticComplexity="1" nPathComplexity="0" sequenceCoverage="100" branchCoverage="100" crapScore="1" isConstructor="false" isStatic="false" isGetter="false" isSetter="false">
              <Summary numSequencePoints="7" visitedSequencePoints="7" numBranchPoints="1" visitedBranchPoints="1" sequenceCoverage="100" branchCoverage="100" maxCyclomaticComplexity="1" minCyclomaticComplexity="1" maxCrapScore="1" minCrapScore="1" visitedClasses="0" numClasses="0" visitedMethods="1" numMethods="1" />
              <MetadataToken>100663302</MetadataToken>
              <Name>System.Void Calculateurs.Tests.CalculatorTests::Add_Param1Positif_Parm2Positif_ReturnSomme()</Name>
              <FileRef uid="1" />
              <SequencePoints>
                <SequencePoint vc="1" uspid="34" ordinal="0" offset="0" sl="127" sc="9" el="127" ec="10" bec="0" bev="0" fileid="1" />
                <SequencePoint vc="1" uspid="35" ordinal="1" offset="1" sl="129" sc="13" el="129" ec="26" bec="0" bev="0" fileid="1" />
                <SequencePoint vc="1" uspid="36" ordinal="2" offset="4" sl="130" sc="13" el="130" ec="26" bec="0" bev="0" fileid="1" />
                <SequencePoint vc="1" uspid="37" ordinal="3" offset="7" sl="131" sc="13" el="131" ec="30" bec="0" bev="0" fileid="1" />
                <SequencePoint vc="1" uspid="38" ordinal="4" offset="10" sl="134" sc="13" el="134" ec="51" bec="0" bev="0" fileid="1" />
                <SequencePoint vc="1" uspid="39" ordinal="5" offset="18" sl="137" sc="13" el="137" ec="46" bec="0" bev="0" fileid="1" />
                <SequencePoint vc="1" uspid="40" ordinal="6" offset="26" sl="139" sc="9" el="139" ec="10" bec="0" bev="0" fileid="1" />
              </SequencePoints>
              <BranchPoints />
              <MethodPoint xsi:type="SequencePoint" vc="1" uspid="34" ordinal="0" offset="0" sl="127" sc="9" el="127" ec="10" bec="0" bev="0" fileid="1" />
            </Method>
            <Method visited="true" cyclomaticComplexity="1" nPathComplexity="0" sequenceCoverage="80" branchCoverage="100" crapScore="1.01" isConstructor="false" isStatic="false" isGetter="false" isSetter="false">
              <Summary numSequencePoints="5" visitedSequencePoints="4" numBranchPoints="1" visitedBranchPoints="1" sequenceCoverage="80" branchCoverage="100" maxCyclomaticComplexity="1" minCyclomaticComplexity="1" maxCrapScore="1.01" minCrapScore="1.01" visitedClasses="0" numClasses="0" visitedMethods="1" numMethods="1" />
              <MetadataToken>100663303</MetadataToken>
              <Name>System.Void Calculateurs.Tests.CalculatorTests::Add_Param1Positif_Parm2Negatif_ReturnException()</Name>
              <FileRef uid="1" />
              <SequencePoints>
                <SequencePoint vc="1" uspid="41" ordinal="0" offset="0" sl="145" sc="9" el="145" ec="10" bec="0" bev="0" fileid="1" />
                <SequencePoint vc="1" uspid="42" ordinal="1" offset="1" sl="147" sc="13" el="147" ec="26" bec="0" bev="0" fileid="1" />
                <SequencePoint vc="1" uspid="43" ordinal="2" offset="4" sl="148" sc="13" el="148" ec="27" bec="0" bev="0" fileid="1" />
                <SequencePoint vc="1" uspid="44" ordinal="3" offset="7" sl="151" sc="13" el="151" ec="51" bec="0" bev="0" fileid="1" />
                <SequencePoint vc="0" uspid="45" ordinal="4" offset="15" sl="152" sc="9" el="152" ec="10" bec="0" bev="0" fileid="1" />
              </SequencePoints>
              <BranchPoints />
              <MethodPoint xsi:type="SequencePoint" vc="1" uspid="41" ordinal="0" offset="0" sl="145" sc="9" el="145" ec="10" bec="0" bev="0" fileid="1" />
            </Method>
            <Method visited="true" cyclomaticComplexity="1" nPathComplexity="0" sequenceCoverage="80" branchCoverage="100" crapScore="1.01" isConstructor="false" isStatic="false" isGetter="false" isSetter="false">
              <Summary numSequencePoints="5" visitedSequencePoints="4" numBranchPoints="1" visitedBranchPoints="1" sequenceCoverage="80" branchCoverage="100" maxCyclomaticComplexity="1" minCyclomaticComplexity="1" maxCrapScore="1.01" minCrapScore="1.01" visitedClasses="0" numClasses="0" visitedMethods="1" numMethods="1" />
              <MetadataToken>100663304</MetadataToken>
              <Name>System.Void Calculateurs.Tests.CalculatorTests::Add_Param1NegatifPositif_Parm2Positif_ReturnException()</Name>
              <FileRef uid="1" />
              <SequencePoints>
                <SequencePoint vc="1" uspid="46" ordinal="0" offset="0" sl="158" sc="9" el="158" ec="10" bec="0" bev="0" fileid="1" />
                <SequencePoint vc="1" uspid="47" ordinal="1" offset="1" sl="160" sc="13" el="160" ec="27" bec="0" bev="0" fileid="1" />
                <SequencePoint vc="1" uspid="48" ordinal="2" offset="4" sl="161" sc="13" el="161" ec="26" bec="0" bev="0" fileid="1" />
                <SequencePoint vc="1" uspid="49" ordinal="3" offset="7" sl="164" sc="13" el="164" ec="38" bec="0" bev="0" fileid="1" />
                <SequencePoint vc="0" uspid="50" ordinal="4" offset="15" sl="165" sc="9" el="165" ec="10" bec="0" bev="0" fileid="1" />
              </SequencePoints>
              <BranchPoints />
              <MethodPoint xsi:type="SequencePoint" vc="1" uspid="46" ordinal="0" offset="0" sl="158" sc="9" el="158" ec="10" bec="0" bev="0" fileid="1" />
            </Method>
            <Method visited="true" cyclomaticComplexity="1" nPathComplexity="0" sequenceCoverage="100" branchCoverage="100" crapScore="1" isConstructor="false" isStatic="false" isGetter="false" isSetter="false">
              <Summary numSequencePoints="6" visitedSequencePoints="6" numBranchPoints="1" visitedBranchPoints="1" sequenceCoverage="100" branchCoverage="100" maxCyclomaticComplexity="1" minCyclomaticComplexity="1" maxCrapScore="1" minCrapScore="1" visitedClasses="0" numClasses="0" visitedMethods="1" numMethods="1" />
              <MetadataToken>100663305</MetadataToken>
              <Name>System.Void Calculateurs.Tests.CalculatorTests::IsPositif_ParamPositif_ReturnTrue()</Name>
              <FileRef uid="1" />
              <SequencePoints>
                <SequencePoint vc="1" uspid="51" ordinal="0" offset="0" sl="170" sc="9" el="170" ec="10" bec="0" bev="0" fileid="1" />
                <SequencePoint vc="1" uspid="52" ordinal="1" offset="1" sl="172" sc="13" el="172" ec="65" bec="0" bev="0" fileid="1" />
                <SequencePoint vc="1" uspid="53" ordinal="2" offset="17" sl="173" sc="13" el="173" ec="25" bec="0" bev="0" fileid="1" />
                <SequencePoint vc="1" uspid="54" ordinal="3" offset="20" sl="176" sc="13" el="176" ec="65" bec="0" bev="0" fileid="1" />
                <SequencePoint vc="1" uspid="55" ordinal="4" offset="52" sl="179" sc="13" el="179" ec="35" bec="0" bev="0" fileid="1" />
                <SequencePoint vc="1" uspid="56" ordinal="5" offset="59" sl="180" sc="9" el="180" ec="10" bec="0" bev="0" fileid="1" />
              </SequencePoints>
              <BranchPoints />
              <MethodPoint xsi:type="SequencePoint" vc="1" uspid="51" ordinal="0" offset="0" sl="170" sc="9" el="170" ec="10" bec="0" bev="0" fileid="1" />
            </Method>
            <Method visited="true" cyclomaticComplexity="1" nPathComplexity="0" sequenceCoverage="100" branchCoverage="100" crapScore="1" isConstructor="false" isStatic="false" isGetter="false" isSetter="false">
              <Summary numSequencePoints="6" visitedSequencePoints="6" numBranchPoints="1" visitedBranchPoints="1" sequenceCoverage="100" branchCoverage="100" maxCyclomaticComplexity="1" minCyclomaticComplexity="1" maxCrapScore="1" minCrapScore="1" visitedClasses="0" numClasses="0" visitedMethods="1" numMethods="1" />
              <MetadataToken>100663306</MetadataToken>
              <Name>System.Void Calculateurs.Tests.CalculatorTests::IsPositif_ParamNegatif_ReturnFalse()</Name>
              <FileRef uid="1" />
              <SequencePoints>
                <SequencePoint vc="1" uspid="57" ordinal="0" offset="0" sl="185" sc="9" el="185" ec="10" bec="0" bev="0" fileid="1" />
                <SequencePoint vc="1" uspid="58" ordinal="1" offset="1" sl="187" sc="13" el="187" ec="65" bec="0" bev="0" fileid="1" />
                <SequencePoint vc="1" uspid="59" ordinal="2" offset="17" sl="188" sc="13" el="188" ec="26" bec="0" bev="0" fileid="1" />
                <SequencePoint vc="1" uspid="60" ordinal="3" offset="20" sl="191" sc="13" el="191" ec="65" bec="0" bev="0" fileid="1" />
                <SequencePoint vc="1" uspid="61" ordinal="4" offset="52" sl="194" sc="13" el="194" ec="36" bec="0" bev="0" fileid="1" />
                <SequencePoint vc="1" uspid="62" ordinal="5" offset="59" sl="195" sc="9" el="195" ec="10" bec="0" bev="0" fileid="1" />
              </SequencePoints>
              <BranchPoints />
              <MethodPoint xsi:type="SequencePoint" vc="1" uspid="57" ordinal="0" offset="0" sl="185" sc="9" el="185" ec="10" bec="0" bev="0" fileid="1" />
            </Method>
            <Method visited="true" cyclomaticComplexity="1" nPathComplexity="0" sequenceCoverage="100" branchCoverage="100" crapScore="1" isConstructor="false" isStatic="false" isGetter="false" isSetter="false">
              <Summary numSequencePoints="6" visitedSequencePoints="6" numBranchPoints="1" visitedBranchPoints="1" sequenceCoverage="100" branchCoverage="100" maxCyclomaticComplexity="1" minCyclomaticComplexity="1" maxCrapScore="1" minCrapScore="1" visitedClasses="0" numClasses="0" visitedMethods="1" numMethods="1" />
              <MetadataToken>100663307</MetadataToken>
              <Name>System.Void Calculateurs.Tests.CalculatorTests::IsNegatif_ParamNegatif_ReturnTrue()</Name>
              <FileRef uid="1" />
              <SequencePoints>
                <SequencePoint vc="1" uspid="63" ordinal="0" offset="0" sl="199" sc="9" el="199" ec="10" bec="0" bev="0" fileid="1" />
                <SequencePoint vc="1" uspid="64" ordinal="1" offset="1" sl="201" sc="13" el="201" ec="30" bec="0" bev="0" fileid="1" />
                <SequencePoint vc="1" uspid="65" ordinal="2" offset="4" sl="202" sc="13" el="202" ec="69" bec="0" bev="0" fileid="1" />
                <SequencePoint vc="1" uspid="66" ordinal="3" offset="25" sl="205" sc="13" el="205" ec="63" bec="0" bev="0" fileid="1" />
                <SequencePoint vc="1" uspid="67" ordinal="4" offset="57" sl="208" sc="13" el="208" ec="35" bec="0" bev="0" fileid="1" />
                <SequencePoint vc="1" uspid="68" ordinal="5" offset="64" sl="209" sc="9" el="209" ec="10" bec="0" bev="0" fileid="1" />
              </SequencePoints>
              <BranchPoints />
              <MethodPoint xsi:type="SequencePoint" vc="1" uspid="63" ordinal="0" offset="0" sl="199" sc="9" el="199" ec="10" bec="0" bev="0" fileid="1" />
            </Method>
            <Method visited="true" cyclomaticComplexity="1" nPathComplexity="0" sequenceCoverage="100" branchCoverage="100" crapScore="1" isConstructor="false" isStatic="false" isGetter="false" isSetter="false">
              <Summary numSequencePoints="6" visitedSequencePoints="6" numBranchPoints="1" visitedBranchPoints="1" sequenceCoverage="100" branchCoverage="100" maxCyclomaticComplexity="1" minCyclomaticComplexity="1" maxCrapScore="1" minCrapScore="1" visitedClasses="0" numClasses="0" visitedMethods="1" numMethods="1" />
              <MetadataToken>100663308</MetadataToken>
              <Name>System.Void Calculateurs.Tests.CalculatorTests::IsNegatif_ParamPositif_ReturnFalse()</Name>
              <FileRef uid="1" />
              <SequencePoints>
                <SequencePoint vc="1" uspid="69" ordinal="0" offset="0" sl="214" sc="9" el="214" ec="10" bec="0" bev="0" fileid="1" />
                <SequencePoint vc="1" uspid="70" ordinal="1" offset="1" sl="216" sc="13" el="216" ec="29" bec="0" bev="0" fileid="1" />
                <SequencePoint vc="1" uspid="71" ordinal="2" offset="4" sl="217" sc="13" el="217" ec="69" bec="0" bev="0" fileid="1" />
                <SequencePoint vc="1" uspid="72" ordinal="3" offset="25" sl="220" sc="13" el="220" ec="63" bec="0" bev="0" fileid="1" />
                <SequencePoint vc="1" uspid="73" ordinal="4" offset="57" sl="223" sc="13" el="223" ec="36" bec="0" bev="0" fileid="1" />
                <SequencePoint vc="1" uspid="74" ordinal="5" offset="64" sl="224" sc="9" el="224" ec="10" bec="0" bev="0" fileid="1" />
              </SequencePoints>
              <BranchPoints />
              <MethodPoint xsi:type="SequencePoint" vc="1" uspid="69" ordinal="0" offset="0" sl="214" sc="9" el="214" ec="10" bec="0" bev="0" fileid="1" />
            </Method>
            <Method visited="true" cyclomaticComplexity="1" nPathComplexity="0" sequenceCoverage="75" branchCoverage="100" crapScore="1.02" isConstructor="false" isStatic="false" isGetter="false" isSetter="false">
              <Summary numSequencePoints="4" visitedSequencePoints="3" numBranchPoints="1" visitedBranchPoints="1" sequenceCoverage="75" branchCoverage="100" maxCyclomaticComplexity="1" minCyclomaticComplexity="1" maxCrapScore="1.02" minCrapScore="1.02" visitedClasses="0" numClasses="0" visitedMethods="1" numMethods="1" />
              <MetadataToken>100663309</MetadataToken>
              <Name>System.Void Calculateurs.Tests.CalculatorTests::AddElemTab_TableauNull_ReturnException()</Name>
              <FileRef uid="1" />
              <SequencePoints>
                <SequencePoint vc="1" uspid="75" ordinal="0" offset="0" sl="231" sc="9" el="231" ec="10" bec="0" bev="0" fileid="1" />
                <SequencePoint vc="1" uspid="76" ordinal="1" offset="1" sl="233" sc="13" el="233" ec="28" bec="0" bev="0" fileid="1" />
                <SequencePoint vc="1" uspid="77" ordinal="2" offset="3" sl="236" sc="13" el="236" ec="38" bec="0" bev="0" fileid="1" />
                <SequencePoint vc="0" uspid="78" ordinal="3" offset="10" sl="238" sc="9" el="238" ec="10" bec="0" bev="0" fileid="1" />
              </SequencePoints>
              <BranchPoints />
              <MethodPoint xsi:type="SequencePoint" vc="1" uspid="75" ordinal="0" offset="0" sl="231" sc="9" el="231" ec="10" bec="0" bev="0" fileid="1" />
            </Method>
            <Method visited="true" cyclomaticComplexity="1" nPathComplexity="0" sequenceCoverage="100" branchCoverage="100" crapScore="1" isConstructor="false" isStatic="false" isGetter="false" isSetter="false">
              <Summary numSequencePoints="6" visitedSequencePoints="6" numBranchPoints="1" visitedBranchPoints="1" sequenceCoverage="100" branchCoverage="100" maxCyclomaticComplexity="1" minCyclomaticComplexity="1" maxCrapScore="1" minCrapScore="1" visitedClasses="0" numClasses="0" visitedMethods="1" numMethods="1" />
              <MetadataToken>100663310</MetadataToken>
              <Name>System.Void Calculateurs.Tests.CalculatorTests::AddElemTab_TableauNonNull_ReturnSomme()</Name>
              <FileRef uid="1" />
              <SequencePoints>
                <SequencePoint vc="1" uspid="79" ordinal="0" offset="0" sl="244" sc="9" el="244" ec="10" bec="0" bev="0" fileid="1" />
                <SequencePoint vc="1" uspid="80" ordinal="1" offset="1" sl="246" sc="13" el="246" ec="44" bec="0" bev="0" fileid="1" />
                <SequencePoint vc="1" uspid="81" ordinal="2" offset="19" sl="247" sc="13" el="247" ec="30" bec="0" bev="0" fileid="1" />
                <SequencePoint vc="1" uspid="82" ordinal="3" offset="22" sl="250" sc="13" el="250" ec="51" bec="0" bev="0" fileid="1" />
                <SequencePoint vc="1" uspid="83" ordinal="4" offset="29" sl="253" sc="13" el="253" ec="46" bec="0" bev="0" fileid="1" />
                <SequencePoint vc="1" uspid="84" ordinal="5" offset="37" sl="254" sc="9" el="254" ec="10" bec="0" bev="0" fileid="1" />
              </SequencePoints>
              <BranchPoints />
              <MethodPoint xsi:type="SequencePoint" vc="1" uspid="79" ordinal="0" offset="0" sl="244" sc="9" el="244" ec="10" bec="0" bev="0" fileid="1" />
            </Method>
            <Method visited="true" cyclomaticComplexity="1" nPathComplexity="0" sequenceCoverage="75" branchCoverage="100" crapScore="1.02" isConstructor="false" isStatic="false" isGetter="false" isSetter="false">
              <Summary numSequencePoints="4" visitedSequencePoints="3" numBranchPoints="1" visitedBranchPoints="1" sequenceCoverage="75" branchCoverage="100" maxCyclomaticComplexity="1" minCyclomaticComplexity="1" maxCrapScore="1.02" minCrapScore="1.02" visitedClasses="0" numClasses="0" visitedMethods="1" numMethods="1" />
              <MetadataToken>100663311</MetadataToken>
              <Name>System.Void Calculateurs.Tests.CalculatorTests::NombreMots_ChaineNull_ReturnException()</Name>
              <FileRef uid="1" />
              <SequencePoints>
                <SequencePoint vc="1" uspid="85" ordinal="0" offset="0" sl="261" sc="9" el="261" ec="10" bec="0" bev="0" fileid="1" />
                <SequencePoint vc="1" uspid="86" ordinal="1" offset="1" sl="263" sc="13" el="263" ec="34" bec="0" bev="0" fileid="1" />
                <SequencePoint vc="1" uspid="87" ordinal="2" offset="3" sl="266" sc="13" el="266" ec="43" bec="0" bev="0" fileid="1" />
                <SequencePoint vc="0" uspid="88" ordinal="3" offset="10" sl="267" sc="9" el="267" ec="10" bec="0" bev="0" fileid="1" />
              </SequencePoints>
              <BranchPoints />
              <MethodPoint xsi:type="SequencePoint" vc="1" uspid="85" ordinal="0" offset="0" sl="261" sc="9" el="261" ec="10" bec="0" bev="0" fileid="1" />
            </Method>
            <Method visited="true" cyclomaticComplexity="1" nPathComplexity="0" sequenceCoverage="83.33" branchCoverage="100" crapScore="1.00" isConstructor="false" isStatic="false" isGetter="false" isSetter="false">
              <Summary numSequencePoints="6" visitedSequencePoints="5" numBranchPoints="1" visitedBranchPoints="1" sequenceCoverage="83.33" branchCoverage="100" maxCyclomaticComplexity="1" minCyclomaticComplexity="1" maxCrapScore="1.00" minCrapScore="1.00" visitedClasses="0" numClasses="0" visitedMethods="1" numMethods="1" />
              <MetadataToken>100663312</MetadataToken>
              <Name>System.Void Calculateurs.Tests.CalculatorTests::NombreMots_ChaineNonNull_ReturnException()</Name>
              <FileRef uid="1" />
              <SequencePoints>
                <SequencePoint vc="1" uspid="89" ordinal="0" offset="0" sl="272" sc="9" el="272" ec="10" bec="0" bev="0" fileid="1" />
                <SequencePoint vc="1" uspid="90" ordinal="1" offset="1" sl="275" sc="13" el="275" ec="55" bec="0" bev="0" fileid="1" />
                <SequencePoint vc="1" uspid="91" ordinal="2" offset="7" sl="276" sc="13" el="276" ec="29" bec="0" bev="0" fileid="1" />
                <SequencePoint vc="1" uspid="92" ordinal="3" offset="9" sl="279" sc="13" el="279" ec="56" bec="0" bev="0" fileid="1" />
                <SequencePoint vc="1" uspid="93" ordinal="4" offset="16" sl="282" sc="13" el="282" ec="46" bec="0" bev="0" fileid="1" />
                <SequencePoint vc="0" uspid="94" ordinal="5" offset="24" sl="290" sc="9" el="290" ec="10" bec="0" bev="0" fileid="1" />
              </SequencePoints>
              <BranchPoints />
              <MethodPoint xsi:type="SequencePoint" vc="1" uspid="89" ordinal="0" offset="0" sl="272" sc="9" el="272" ec="10" bec="0" bev="0" fileid="1" />
            </Method>
            <Method visited="true" cyclomaticComplexity="1" nPathComplexity="0" sequenceCoverage="100" branchCoverage="100" crapScore="1" isConstructor="false" isStatic="false" isGetter="false" isSetter="false">
              <Summary numSequencePoints="6" visitedSequencePoints="6" numBranchPoints="1" visitedBranchPoints="1" sequenceCoverage="100" branchCoverage="100" maxCyclomaticComplexity="1" minCyclomaticComplexity="1" maxCrapScore="1" minCrapScore="1" visitedClasses="0" numClasses="0" visitedMethods="1" numMethods="1" />
              <MetadataToken>100663313</MetadataToken>
              <Name>System.Void Calculateurs.Tests.CalculatorTests::NombreChar_ChaineNull_ReturnZero()</Name>
              <FileRef uid="1" />
              <SequencePoints>
                <SequencePoint vc="1" uspid="95" ordinal="0" offset="0" sl="297" sc="9" el="297" ec="10" bec="0" bev="0" fileid="1" />
                <SequencePoint vc="1" uspid="96" ordinal="1" offset="1" sl="299" sc="13" el="299" ec="34" bec="0" bev="0" fileid="1" />
                <SequencePoint vc="1" uspid="97" ordinal="2" offset="3" sl="300" sc="13" el="300" ec="29" bec="0" bev="0" fileid="1" />
                <SequencePoint vc="1" uspid="98" ordinal="3" offset="5" sl="303" sc="13" el="303" ec="56" bec="0" bev="0" fileid="1" />
                <SequencePoint vc="1" uspid="99" ordinal="4" offset="12" sl="306" sc="13" el="306" ec="46" bec="0" bev="0" fileid="1" />
                <SequencePoint vc="1" uspid="100" ordinal="5" offset="20" sl="307" sc="9" el="307" ec="10" bec="0" bev="0" fileid="1" />
              </SequencePoints>
              <BranchPoints />
              <MethodPoint xsi:type="SequencePoint" vc="1" uspid="95" ordinal="0" offset="0" sl="297" sc="9" el="297" ec="10" bec="0" bev="0" fileid="1" />
            </Method>
            <Method visited="true" cyclomaticComplexity="1" nPathComplexity="0" sequenceCoverage="100" branchCoverage="100" crapScore="1" isConstructor="false" isStatic="false" isGetter="false" isSetter="false">
              <Summary numSequencePoints="6" visitedSequencePoints="6" numBranchPoints="1" visitedBranchPoints="1" sequenceCoverage="100" branchCoverage="100" maxCyclomaticComplexity="1" minCyclomaticComplexity="1" maxCrapScore="1" minCrapScore="1" visitedClasses="0" numClasses="0" visitedMethods="1" numMethods="1" />
              <MetadataToken>100663314</MetadataToken>
              <Name>System.Void Calculateurs.Tests.CalculatorTests::NombreChar_ChaineNotNull_ReturnNombreChar()</Name>
              <FileRef uid="1" />
              <SequencePoints>
                <SequencePoint vc="1" uspid="101" ordinal="0" offset="0" sl="312" sc="9" el="312" ec="10" bec="0" bev="0" fileid="1" />
                <SequencePoint vc="1" uspid="102" ordinal="1" offset="1" sl="314" sc="13" el="314" ec="43" bec="0" bev="0" fileid="1" />
                <SequencePoint vc="1" uspid="103" ordinal="2" offset="7" sl="315" sc="13" el="315" ec="30" bec="0" bev="0" fileid="1" />
                <SequencePoint vc="1" uspid="104" ordinal="3" offset="10" sl="318" sc="13" el="318" ec="56" bec="0" bev="0" fileid="1" />
                <SequencePoint vc="1" uspid="105" ordinal="4" offset="17" sl="321" sc="13" el="321" ec="46" bec="0" bev="0" fileid="1" />
                <SequencePoint vc="1" uspid="106" ordinal="5" offset="25" sl="322" sc="9" el="322" ec="10" bec="0" bev="0" fileid="1" />
              </SequencePoints>
              <BranchPoints />
              <MethodPoint xsi:type="SequencePoint" vc="1" uspid="101" ordinal="0" offset="0" sl="312" sc="9" el="312" ec="10" bec="0" bev="0" fileid="1" />
            </Method>
            <Method visited="false" cyclomaticComplexity="1" nPathComplexity="0" sequenceCoverage="0" branchCoverage="0" crapScore="2" isConstructor="true" isStatic="false" isGetter="false" isSetter="false">
              <Summary numSequencePoints="0" visitedSequencePoints="0" numBranchPoints="0" visitedBranchPoints="0" sequenceCoverage="0" branchCoverage="0" maxCyclomaticComplexity="1" minCyclomaticComplexity="1" maxCrapScore="2" minCrapScore="2" visitedClasses="0" numClasses="0" visitedMethods="0" numMethods="0" />
              <MetadataToken>100663315</MetadataToken>
              <Name>System.Void Calculateurs.Tests.CalculatorTests::.ctor()</Name>
              <SequencePoints />
              <BranchPoints />
              <MethodPoint vc="0" uspid="107" ordinal="0" offset="0" />
            </Method>
          </Methods>
        </Class>
        <Class>
          <Summary numSequencePoints="14" visitedSequencePoints="14" numBranchPoints="5" visitedBranchPoints="5" sequenceCoverage="100" branchCoverage="100" maxCyclomaticComplexity="1" minCyclomaticComplexity="1" maxCrapScore="1" minCrapScore="1" visitedClasses="1" numClasses="1" visitedMethods="5" numMethods="5" />
          <FullName>Calculateurs.Tests.Demo</FullName>
          <Methods>
            <Method visited="true" cyclomaticComplexity="1" nPathComplexity="0" sequenceCoverage="100" branchCoverage="100" crapScore="1" isConstructor="false" isStatic="false" isGetter="true" isSetter="false">
              <Summary numSequencePoints="1" visitedSequencePoints="1" numBranchPoints="1" visitedBranchPoints="1" sequenceCoverage="100" branchCoverage="100" maxCyclomaticComplexity="1" minCyclomaticComplexity="1" maxCrapScore="1" minCrapScore="1" visitedClasses="0" numClasses="0" visitedMethods="1" numMethods="1" />
              <MetadataToken>100663317</MetadataToken>
              <Name>Microsoft.VisualStudio.TestTools.UnitTesting.TestContext Calculateurs.Tests.Demo::get_TestContext()</Name>
              <FileRef uid="2" />
              <SequencePoints>
                <SequencePoint vc="4" uspid="108" ordinal="0" offset="0" sl="31" sc="42" el="31" ec="46" bec="0" bev="0" fileid="2" />
              </SequencePoints>
              <BranchPoints />
              <MethodPoint xsi:type="SequencePoint" vc="4" uspid="108" ordinal="0" offset="0" sl="31" sc="42" el="31" ec="46" bec="0" bev="0" fileid="2" />
            </Method>
            <Method visited="true" cyclomaticComplexity="1" nPathComplexity="0" sequenceCoverage="100" branchCoverage="100" crapScore="1" isConstructor="false" isStatic="false" isGetter="false" isSetter="true">
              <Summary numSequencePoints="1" visitedSequencePoints="1" numBranchPoints="1" visitedBranchPoints="1" sequenceCoverage="100" branchCoverage="100" maxCyclomaticComplexity="1" minCyclomaticComplexity="1" maxCrapScore="1" minCrapScore="1" visitedClasses="0" numClasses="0" visitedMethods="1" numMethods="1" />
              <MetadataToken>100663318</MetadataToken>
              <Name>System.Void Calculateurs.Tests.Demo::set_TestContext(Microsoft.VisualStudio.TestTools.UnitTesting.TestContext)</Name>
              <FileRef uid="2" />
              <SequencePoints>
                <SequencePoint vc="2" uspid="109" ordinal="0" offset="0" sl="31" sc="47" el="31" ec="51" bec="0" bev="0" fileid="2" />
              </SequencePoints>
              <BranchPoints />
              <MethodPoint xsi:type="SequencePoint" vc="2" uspid="109" ordinal="0" offset="0" sl="31" sc="47" el="31" ec="51" bec="0" bev="0" fileid="2" />
            </Method>
            <Method visited="true" cyclomaticComplexity="1" nPathComplexity="0" sequenceCoverage="100" branchCoverage="100" crapScore="1" isConstructor="true" isStatic="false" isGetter="false" isSetter="false">
              <Summary numSequencePoints="3" visitedSequencePoints="3" numBranchPoints="1" visitedBranchPoints="1" sequenceCoverage="100" branchCoverage="100" maxCyclomaticComplexity="1" minCyclomaticComplexity="1" maxCrapScore="1" minCrapScore="1" visitedClasses="0" numClasses="0" visitedMethods="1" numMethods="1" />
              <MetadataToken>100663316</MetadataToken>
              <Name>System.Void Calculateurs.Tests.Demo::.ctor()</Name>
              <FileRef uid="2" />
              <SequencePoints>
                <SequencePoint vc="2" uspid="110" ordinal="0" offset="0" sl="18" sc="9" el="18" ec="22" bec="0" bev="0" fileid="2" />
                <SequencePoint vc="2" uspid="111" ordinal="1" offset="7" sl="19" sc="9" el="19" ec="10" bec="0" bev="0" fileid="2" />
                <SequencePoint vc="2" uspid="112" ordinal="2" offset="8" sl="23" sc="9" el="23" ec="10" bec="0" bev="0" fileid="2" />
              </SequencePoints>
              <BranchPoints />
              <MethodPoint xsi:type="SequencePoint" vc="2" uspid="110" ordinal="0" offset="0" sl="18" sc="9" el="18" ec="22" bec="0" bev="0" fileid="2" />
            </Method>
            <Method visited="true" cyclomaticComplexity="1" nPathComplexity="0" sequenceCoverage="100" branchCoverage="100" crapScore="1" isConstructor="false" isStatic="false" isGetter="false" isSetter="false">
              <Summary numSequencePoints="4" visitedSequencePoints="4" numBranchPoints="1" visitedBranchPoints="1" sequenceCoverage="100" branchCoverage="100" maxCyclomaticComplexity="1" minCyclomaticComplexity="1" maxCrapScore="1" minCrapScore="1" visitedClasses="0" numClasses="0" visitedMethods="1" numMethods="1" />
              <MetadataToken>100663319</MetadataToken>
              <Name>System.Void Calculateurs.Tests.Demo::TestMethod1()</Name>
              <FileRef uid="2" />
              <SequencePoints>
                <SequencePoint vc="1" uspid="113" ordinal="0" offset="0" sl="61" sc="9" el="61" ec="10" bec="0" bev="0" fileid="2" />
                <SequencePoint vc="1" uspid="114" ordinal="1" offset="1" sl="66" sc="13" el="66" ec="57" bec="0" bev="0" fileid="2" />
                <SequencePoint vc="1" uspid="115" ordinal="2" offset="24" sl="67" sc="13" el="67" ec="76" bec="0" bev="0" fileid="2" />
                <SequencePoint vc="1" uspid="116" ordinal="3" offset="47" sl="68" sc="9" el="68" ec="10" bec="0" bev="0" fileid="2" />
              </SequencePoints>
              <BranchPoints />
              <MethodPoint xsi:type="SequencePoint" vc="1" uspid="113" ordinal="0" offset="0" sl="61" sc="9" el="61" ec="10" bec="0" bev="0" fileid="2" />
            </Method>
            <Method visited="true" cyclomaticComplexity="1" nPathComplexity="0" sequenceCoverage="100" branchCoverage="100" crapScore="1" isConstructor="false" isStatic="false" isGetter="false" isSetter="false">
              <Summary numSequencePoints="5" visitedSequencePoints="5" numBranchPoints="1" visitedBranchPoints="1" sequenceCoverage="100" branchCoverage="100" maxCyclomaticComplexity="1" minCyclomaticComplexity="1" maxCrapScore="1" minCrapScore="1" visitedClasses="0" numClasses="0" visitedMethods="1" numMethods="1" />
              <MetadataToken>100663320</MetadataToken>
              <Name>System.Void Calculateurs.Tests.Demo::TestMethod2()</Name>
              <FileRef uid="2" />
              <SequencePoints>
                <SequencePoint vc="1" uspid="117" ordinal="0" offset="0" sl="75" sc="9" el="75" ec="10" bec="0" bev="0" fileid="2" />
                <SequencePoint vc="1" uspid="118" ordinal="1" offset="1" sl="80" sc="13" el="80" ec="63" bec="0" bev="0" fileid="2" />
                <SequencePoint vc="1" uspid="119" ordinal="2" offset="12" sl="81" sc="13" el="81" ec="59" bec="0" bev="0" fileid="2" />
                <SequencePoint vc="1" uspid="120" ordinal="3" offset="23" sl="82" sc="13" el="82" ec="40" bec="0" bev="0" fileid="2" />
                <SequencePoint vc="1" uspid="121" ordinal="4" offset="34" sl="83" sc="9" el="83" ec="10" bec="0" bev="0" fileid="2" />
              </SequencePoints>
              <BranchPoints />
              <MethodPoint xsi:type="SequencePoint" vc="1" uspid="117" ordinal="0" offset="0" sl="75" sc="9" el="75" ec="10" bec="0" bev="0" fileid="2" />
            </Method>
          </Methods>
        </Class>
      </Classes>
    </Module>
    <Module hash="2A-F5-10-CA-2B-37-76-8E-B0-62-5B-24-7C-FC-DF-72-B4-39-C4-87">
      <Summary numSequencePoints="43" visitedSequencePoints="43" numBranchPoints="21" visitedBranchPoints="21" sequenceCoverage="100" branchCoverage="100" maxCyclomaticComplexity="3" minCyclomaticComplexity="1" maxCrapScore="3" minCrapScore="1" visitedClasses="1" numClasses="1" visitedMethods="7" numMethods="7" />
      <ModulePath>C:\Users\Admin Stagiaire\Desktop\TestUnitaires\Calculateurs.Tests\bin\Debug\fine-code-coverage\build-output\Calculateur.DLL.dll</ModulePath>
      <ModuleTime>2022-12-08T13:26:46.2385705Z</ModuleTime>
      <ModuleName>Calculateur.DLL</ModuleName>
      <Files>
        <File uid="5" fullPath="C:\Users\Admin Stagiaire\Desktop\TestUnitaires\Calculateur.DLL\Calculator.cs" />
      </Files>
      <Classes>
        <Class>
          <Summary numSequencePoints="43" visitedSequencePoints="43" numBranchPoints="21" visitedBranchPoints="21" sequenceCoverage="100" branchCoverage="100" maxCyclomaticComplexity="3" minCyclomaticComplexity="1" maxCrapScore="3" minCrapScore="1" visitedClasses="1" numClasses="1" visitedMethods="7" numMethods="7" />
          <FullName>Calculateur.DLL.Calculator</FullName>
          <Methods>
            <Method visited="true" cyclomaticComplexity="2" nPathComplexity="2" sequenceCoverage="100" branchCoverage="100" crapScore="2" isConstructor="false" isStatic="true" isGetter="false" isSetter="false">
              <Summary numSequencePoints="6" visitedSequencePoints="6" numBranchPoints="3" visitedBranchPoints="3" sequenceCoverage="100" branchCoverage="100" maxCyclomaticComplexity="2" minCyclomaticComplexity="2" maxCrapScore="2" minCrapScore="2" visitedClasses="0" numClasses="0" visitedMethods="1" numMethods="1" />
              <MetadataToken>100663297</MetadataToken>
              <Name>System.Int32 Calculateur.DLL.Calculator::Division(System.Int32,System.Int32)</Name>
              <FileRef uid="5" />
              <SequencePoints>
                <SequencePoint vc="5" uspid="122" ordinal="0" offset="0" sl="13" sc="9" el="13" ec="10" bec="0" bev="0" fileid="5" />
                <SequencePoint vc="5" uspid="123" ordinal="1" offset="1" sl="14" sc="13" el="14" ec="34" bec="2" bev="2" fileid="5" />
                <SequencePoint vc="1" uspid="124" ordinal="2" offset="9" sl="15" sc="13" el="15" ec="14" bec="0" bev="0" fileid="5" />
                <SequencePoint vc="1" uspid="125" ordinal="3" offset="10" sl="16" sc="17" el="16" ec="91" bec="0" bev="0" fileid="5" />
                <SequencePoint vc="4" uspid="126" ordinal="4" offset="21" sl="18" sc="13" el="18" ec="46" bec="0" bev="0" fileid="5" />
                <SequencePoint vc="4" uspid="127" ordinal="5" offset="27" sl="19" sc="9" el="19" ec="10" bec="0" bev="0" fileid="5" />
              </SequencePoints>
              <BranchPoints>
                <BranchPoint vc="1" uspid="128" ordinal="0" offset="7" sl="14" path="0" offsetend="9" fileid="5" />
                <BranchPoint vc="4" uspid="129" ordinal="1" offset="7" sl="14" path="1" offsetend="21" fileid="5" />
              </BranchPoints>
              <MethodPoint xsi:type="SequencePoint" vc="5" uspid="122" ordinal="0" offset="0" sl="13" sc="9" el="13" ec="10" bec="0" bev="0" fileid="5" />
            </Method>
            <Method visited="true" cyclomaticComplexity="1" nPathComplexity="0" sequenceCoverage="100" branchCoverage="100" crapScore="1" isConstructor="false" isStatic="true" isGetter="false" isSetter="false">
              <Summary numSequencePoints="3" visitedSequencePoints="3" numBranchPoints="1" visitedBranchPoints="1" sequenceCoverage="100" branchCoverage="100" maxCyclomaticComplexity="1" minCyclomaticComplexity="1" maxCrapScore="1" minCrapScore="1" visitedClasses="0" numClasses="0" visitedMethods="1" numMethods="1" />
              <MetadataToken>100663298</MetadataToken>
              <Name>System.Boolean Calculateur.DLL.Calculator::IsPositif(System.Int32)</Name>
              <FileRef uid="5" />
              <SequencePoints>
                <SequencePoint vc="7" uspid="130" ordinal="0" offset="0" sl="29" sc="9" el="29" ec="10" bec="0" bev="0" fileid="5" />
                <SequencePoint vc="7" uspid="131" ordinal="1" offset="1" sl="30" sc="13" el="30" ec="26" bec="0" bev="0" fileid="5" />
                <SequencePoint vc="7" uspid="132" ordinal="2" offset="8" sl="31" sc="9" el="31" ec="10" bec="0" bev="0" fileid="5" />
              </SequencePoints>
              <BranchPoints />
              <MethodPoint xsi:type="SequencePoint" vc="7" uspid="130" ordinal="0" offset="0" sl="29" sc="9" el="29" ec="10" bec="0" bev="0" fileid="5" />
            </Method>
            <Method visited="true" cyclomaticComplexity="3" nPathComplexity="4" sequenceCoverage="100" branchCoverage="100" crapScore="3" isConstructor="false" isStatic="true" isGetter="false" isSetter="false">
              <Summary numSequencePoints="7" visitedSequencePoints="7" numBranchPoints="5" visitedBranchPoints="5" sequenceCoverage="100" branchCoverage="100" maxCyclomaticComplexity="3" minCyclomaticComplexity="3" maxCrapScore="3" minCrapScore="3" visitedClasses="0" numClasses="0" visitedMethods="1" numMethods="1" />
              <MetadataToken>100663299</MetadataToken>
              <Name>System.Int32 Calculateur.DLL.Calculator::Add(System.Int32,System.Int32)</Name>
              <FileRef uid="5" />
              <SequencePoints>
                <SequencePoint vc="3" uspid="133" ordinal="0" offset="0" sl="34" sc="9" el="34" ec="10" bec="0" bev="0" fileid="5" />
                <SequencePoint vc="3" uspid="134" ordinal="1" offset="1" sl="35" sc="13" el="35" ec="49" bec="4" bev="4" fileid="5" />
                <SequencePoint vc="1" uspid="135" ordinal="2" offset="22" sl="36" sc="13" el="36" ec="14" bec="0" bev="0" fileid="5" />
                <SequencePoint vc="1" uspid="136" ordinal="3" offset="23" sl="37" sc="17" el="37" ec="34" bec="0" bev="0" fileid="5" />
                <SequencePoint vc="2" uspid="137" ordinal="4" offset="29" sl="40" sc="13" el="40" ec="14" bec="0" bev="0" fileid="5" />
                <SequencePoint vc="2" uspid="138" ordinal="5" offset="30" sl="41" sc="17" el="41" ec="98" bec="0" bev="0" fileid="5" />
                <SequencePoint vc="1" uspid="139" ordinal="6" offset="41" sl="43" sc="9" el="43" ec="10" bec="0" bev="0" fileid="5" />
              </SequencePoints>
              <BranchPoints>
                <BranchPoint vc="2" uspid="140" ordinal="0" offset="7" sl="35" path="0" offsetend="9" fileid="5" />
                <BranchPoint vc="1" uspid="141" ordinal="1" offset="7" sl="35" path="1" offsetend="17" fileid="5" />
                <BranchPoint vc="1" uspid="142" ordinal="2" offset="20" sl="35" path="0" offsetend="22" fileid="5" />
                <BranchPoint vc="2" uspid="143" ordinal="3" offset="20" sl="35" path="1" offsetend="29" fileid="5" />
              </BranchPoints>
              <MethodPoint xsi:type="SequencePoint" vc="3" uspid="133" ordinal="0" offset="0" sl="34" sc="9" el="34" ec="10" bec="0" bev="0" fileid="5" />
            </Method>
            <Method visited="true" cyclomaticComplexity="1" nPathComplexity="0" sequenceCoverage="100" branchCoverage="100" crapScore="1" isConstructor="false" isStatic="false" isGetter="false" isSetter="false">
              <Summary numSequencePoints="3" visitedSequencePoints="3" numBranchPoints="1" visitedBranchPoints="1" sequenceCoverage="100" branchCoverage="100" maxCyclomaticComplexity="1" minCyclomaticComplexity="1" maxCrapScore="1" minCrapScore="1" visitedClasses="0" numClasses="0" visitedMethods="1" numMethods="1" />
              <MetadataToken>100663300</MetadataToken>
              <Name>System.Boolean Calculateur.DLL.Calculator::IsNegatif(System.Int32)</Name>
              <FileRef uid="5" />
              <SequencePoints>
                <SequencePoint vc="2" uspid="144" ordinal="0" offset="0" sl="47" sc="9" el="47" ec="10" bec="0" bev="0" fileid="5" />
                <SequencePoint vc="2" uspid="145" ordinal="1" offset="1" sl="48" sc="13" el="48" ec="27" bec="0" bev="0" fileid="5" />
                <SequencePoint vc="2" uspid="146" ordinal="2" offset="8" sl="49" sc="9" el="49" ec="10" bec="0" bev="0" fileid="5" />
              </SequencePoints>
              <BranchPoints />
              <MethodPoint xsi:type="SequencePoint" vc="2" uspid="144" ordinal="0" offset="0" sl="47" sc="9" el="47" ec="10" bec="0" bev="0" fileid="5" />
            </Method>
            <Method visited="true" cyclomaticComplexity="3" nPathComplexity="4" sequenceCoverage="100" branchCoverage="100" crapScore="3" isConstructor="false" isStatic="true" isGetter="false" isSetter="false">
              <Summary numSequencePoints="13" visitedSequencePoints="13" numBranchPoints="5" visitedBranchPoints="5" sequenceCoverage="100" branchCoverage="100" maxCyclomaticComplexity="3" minCyclomaticComplexity="3" maxCrapScore="3" minCrapScore="3" visitedClasses="0" numClasses="0" visitedMethods="1" numMethods="1" />
              <MetadataToken>100663301</MetadataToken>
              <Name>System.Int32 Calculateur.DLL.Calculator::AddElemTab(System.Int32[])</Name>
              <FileRef uid="5" />
              <SequencePoints>
                <SequencePoint vc="2" uspid="147" ordinal="0" offset="0" sl="56" sc="9" el="56" ec="10" bec="0" bev="0" fileid="5" />
                <SequencePoint vc="2" uspid="148" ordinal="1" offset="1" sl="57" sc="13" el="57" ec="25" bec="0" bev="0" fileid="5" />
                <SequencePoint vc="2" uspid="149" ordinal="2" offset="3" sl="59" sc="13" el="59" ec="31" bec="2" bev="2" fileid="5" />
                <SequencePoint vc="1" uspid="150" ordinal="3" offset="11" sl="60" sc="13" el="60" ec="14" bec="0" bev="0" fileid="5" />
                <SequencePoint vc="1" uspid="151" ordinal="4" offset="12" sl="61" sc="17" el="61" ec="81" bec="0" bev="0" fileid="5" />
                <SequencePoint vc="1" uspid="152" ordinal="5" offset="23" sl="64" sc="18" el="64" ec="27" bec="0" bev="0" fileid="5" />
                <SequencePoint vc="6" uspid="153" ordinal="6" offset="27" sl="65" sc="13" el="65" ec="14" bec="0" bev="0" fileid="5" />
                <SequencePoint vc="6" uspid="154" ordinal="7" offset="28" sl="66" sc="17" el="66" ec="34" bec="0" bev="0" fileid="5" />
                <SequencePoint vc="6" uspid="155" ordinal="8" offset="34" sl="67" sc="13" el="67" ec="14" bec="0" bev="0" fileid="5" />
                <SequencePoint vc="6" uspid="156" ordinal="9" offset="35" sl="64" sc="48" el="64" ec="51" bec="0" bev="0" fileid="5" />
                <SequencePoint vc="7" uspid="157" ordinal="10" offset="39" sl="64" sc="29" el="64" ec="46" bec="2" bev="2" fileid="5" />
                <SequencePoint vc="1" uspid="158" ordinal="11" offset="49" sl="69" sc="13" el="69" ec="24" bec="0" bev="0" fileid="5" />
                <SequencePoint vc="1" uspid="159" ordinal="12" offset="54" sl="70" sc="9" el="70" ec="10" bec="0" bev="0" fileid="5" />
              </SequencePoints>
              <BranchPoints>
                <BranchPoint vc="1" uspid="160" ordinal="0" offset="9" sl="59" path="0" offsetend="11" fileid="5" />
                <BranchPoint vc="1" uspid="161" ordinal="1" offset="9" sl="59" path="1" offsetend="23" fileid="5" />
                <BranchPoint vc="1" uspid="162" ordinal="2" offset="47" sl="64" path="0" offsetend="49" fileid="5" />
                <BranchPoint vc="6" uspid="163" ordinal="3" offset="47" sl="64" path="1" offsetend="27" fileid="5" />
              </BranchPoints>
              <MethodPoint xsi:type="SequencePoint" vc="2" uspid="147" ordinal="0" offset="0" sl="56" sc="9" el="56" ec="10" bec="0" bev="0" fileid="5" />
            </Method>
            <Method visited="true" cyclomaticComplexity="2" nPathComplexity="2" sequenceCoverage="100" branchCoverage="100" crapScore="2" isConstructor="false" isStatic="true" isGetter="false" isSetter="false">
              <Summary numSequencePoints="6" visitedSequencePoints="6" numBranchPoints="3" visitedBranchPoints="3" sequenceCoverage="100" branchCoverage="100" maxCyclomaticComplexity="2" minCyclomaticComplexity="2" maxCrapScore="2" minCrapScore="2" visitedClasses="0" numClasses="0" visitedMethods="1" numMethods="1" />
              <MetadataToken>100663302</MetadataToken>
              <Name>System.Int32 Calculateur.DLL.Calculator::NombreMots(System.String)</Name>
              <FileRef uid="5" />
              <SequencePoints>
                <SequencePoint vc="2" uspid="164" ordinal="0" offset="0" sl="75" sc="9" el="75" ec="10" bec="0" bev="0" fileid="5" />
                <SequencePoint vc="2" uspid="165" ordinal="1" offset="1" sl="76" sc="13" el="76" ec="31" bec="2" bev="2" fileid="5" />
                <SequencePoint vc="1" uspid="166" ordinal="2" offset="9" sl="77" sc="13" el="77" ec="14" bec="0" bev="0" fileid="5" />
                <SequencePoint vc="1" uspid="167" ordinal="3" offset="10" sl="78" sc="17" el="78" ec="80" bec="0" bev="0" fileid="5" />
                <SequencePoint vc="1" uspid="168" ordinal="4" offset="21" sl="80" sc="13" el="80" ec="71" bec="0" bev="0" fileid="5" />
                <SequencePoint vc="1" uspid="169" ordinal="5" offset="63" sl="82" sc="9" el="82" ec="10" bec="0" bev="0" fileid="5" />
              </SequencePoints>
              <BranchPoints>
                <BranchPoint vc="1" uspid="170" ordinal="0" offset="7" sl="76" path="0" offsetend="9" fileid="5" />
                <BranchPoint vc="1" uspid="171" ordinal="1" offset="7" sl="76" path="1" offsetend="21" fileid="5" />
              </BranchPoints>
              <MethodPoint xsi:type="SequencePoint" vc="2" uspid="164" ordinal="0" offset="0" sl="75" sc="9" el="75" ec="10" bec="0" bev="0" fileid="5" />
            </Method>
            <Method visited="true" cyclomaticComplexity="2" nPathComplexity="2" sequenceCoverage="100" branchCoverage="100" crapScore="2" isConstructor="false" isStatic="true" isGetter="false" isSetter="false">
              <Summary numSequencePoints="5" visitedSequencePoints="5" numBranchPoints="3" visitedBranchPoints="3" sequenceCoverage="100" branchCoverage="100" maxCyclomaticComplexity="2" minCyclomaticComplexity="2" maxCrapScore="2" minCrapScore="2" visitedClasses="0" numClasses="0" visitedMethods="1" numMethods="1" />
              <MetadataToken>100663303</MetadataToken>
              <Name>System.Int32 Calculateur.DLL.Calculator::NombreChar(System.String)</Name>
              <FileRef uid="5" />
              <SequencePoints>
                <SequencePoint vc="2" uspid="172" ordinal="0" offset="0" sl="87" sc="9" el="87" ec="10" bec="0" bev="0" fileid="5" />
                <SequencePoint vc="2" uspid="173" ordinal="1" offset="1" sl="88" sc="13" el="88" ec="32" bec="2" bev="2" fileid="5" />
                <SequencePoint vc="1" uspid="174" ordinal="2" offset="9" sl="88" sc="33" el="88" ec="42" bec="0" bev="0" fileid="5" />
                <SequencePoint vc="1" uspid="175" ordinal="3" offset="13" sl="89" sc="13" el="89" ec="34" bec="0" bev="0" fileid="5" />
                <SequencePoint vc="2" uspid="176" ordinal="4" offset="22" sl="90" sc="9" el="90" ec="10" bec="0" bev="0" fileid="5" />
              </SequencePoints>
              <BranchPoints>
                <BranchPoint vc="1" uspid="177" ordinal="0" offset="7" sl="88" path="0" offsetend="9" fileid="5" />
                <BranchPoint vc="1" uspid="178" ordinal="1" offset="7" sl="88" path="1" offsetend="13" fileid="5" />
              </BranchPoints>
              <MethodPoint xsi:type="SequencePoint" vc="2" uspid="172" ordinal="0" offset="0" sl="87" sc="9" el="87" ec="10" bec="0" bev="0" fileid="5" />
            </Method>
            <Method visited="false" cyclomaticComplexity="1" nPathComplexity="0" sequenceCoverage="0" branchCoverage="0" crapScore="2" isConstructor="true" isStatic="false" isGetter="false" isSetter="false">
              <Summary numSequencePoints="0" visitedSequencePoints="0" numBranchPoints="0" visitedBranchPoints="0" sequenceCoverage="0" branchCoverage="0" maxCyclomaticComplexity="1" minCyclomaticComplexity="1" maxCrapScore="2" minCrapScore="2" visitedClasses="0" numClasses="0" visitedMethods="0" numMethods="0" />
              <MetadataToken>100663305</MetadataToken>
              <Name>System.Void Calculateur.DLL.Calculator::.ctor()</Name>
              <SequencePoints />
              <BranchPoints />
              <MethodPoint vc="0" uspid="179" ordinal="0" offset="0" />
            </Method>
          </Methods>
        </Class>
      </Classes>
    </Module>
  </Modules>
</CoverageSession>